<?xml version="1.0" encoding="UTF-8"?>
<!-- Generated by org.testng.reporters.JUnitReportReporter -->
<testsuite skipped="0" hostname="A2ML29334" name="tests.HotelBookingTest" tests="1" failures="0" timestamp="08 Aug 2019 16:00:17 GMT" time="18.269" errors="0">
  <testcase name="shouldBeAbleToSearchForHotels" time="18.269" classname="tests.HotelBookingTest"/>
</testsuite> <!-- tests.HotelBookingTest -->
